{
  "RSpec": {
    "coverage": {
      "/Users/johnhennerich/turing/1mod/projects/black_thursday/spec/merchant_repository_spec.rb": {
        "lines": [
          1,
          1,
          1,
          null,
          1,
          null,
          1,
          2,
          null,
          null,
          null,
          null,
          2,
          null,
          null,
          null,
          null,
          null,
          2,
          null,
          null,
          null,
          null,
          1,
          1,
          null,
          null,
          1,
          null,
          1,
          null,
          null,
          null
        ]
      },
      "/Users/johnhennerich/turing/1mod/projects/black_thursday/lib/merchant_repository.rb": {
        "lines": [
          1,
          null,
          1,
          2,
          null,
          null,
          1,
          1,
          null,
          null,
          null
        ]
      },
      "/Users/johnhennerich/turing/1mod/projects/black_thursday/spec/merchant_spec.rb": {
        "lines": [
          1,
          1,
          1,
          1,
          null,
          1,
          1,
          1,
          null,
          null,
          null,
          null,
          null,
          1,
          1,
          1,
          1,
          1,
          1,
          null,
          null,
          null,
          null,
          null
        ]
      },
      "/Users/johnhennerich/turing/1mod/projects/black_thursday/spec/sales_engine_spec.rb": {
        "lines": [
          1,
          1,
          1,
          null,
          1,
          1,
          1,
          1,
          1,
          1,
          null,
          null,
          1,
          1,
          null,
          1,
          null,
          null,
          1,
          1,
          null,
          null,
          null,
          null,
          null
        ]
      }
    },
    "timestamp": 1645763633
  }
}
