{
  "RSpec": {
    "coverage": {
      "/Users/johnhennerich/turing/1mod/projects/black_thursday/spec/merchant_spec.rb": {
        "lines": [
          1,
          1,
          1,
          1,
          null,
          1,
          1,
          1,
          null,
          null,
          null,
          null,
          null,
          1,
          1,
          1,
          1,
          1,
          1,
          null,
          null,
          null,
          null,
          null
        ]
      },
      "/Users/johnhennerich/turing/1mod/projects/black_thursday/lib/merchant.rb": {
        "lines": [
          1,
          null,
          1,
          null,
          1,
          1,
          1,
          1,
          1,
          null,
          null,
          null,
          null
        ]
      },
      "/Users/johnhennerich/turing/1mod/projects/black_thursday/spec/sales_engine_spec.rb": {
        "lines": [
          1,
          1,
          1,
          null,
          1,
          3,
          1,
          1,
          1,
          null,
          1,
          null,
          null,
          1,
          null,
          null,
          1,
          null,
          null,
          1,
          null,
          1,
          null,
          null,
          null
        ]
      },
      "/Users/johnhennerich/turing/1mod/projects/black_thursday/spec/test_spec.rb": {
        "lines": [
          1,
          1,
          null,
          1,
          null,
          null,
          1,
          1,
          1,
          null,
          null,
          null
        ]
      },
      "/Users/johnhennerich/turing/1mod/projects/black_thursday/lib/test.rb": {
        "lines": [
          1,
          1,
          null,
          null,
          null
        ]
      }
    },
    "timestamp": 1645715222
  }
}
